This is pdfTeX, Version 3.14159265-2.6-1.40.15 (TeX Live 2015/dev/Debian) (preloaded format=pdflatex 2017.9.11)  1 DEC 2017 12:48
entering extended mode
 restricted \write18 enabled.
 %&-line parsing enabled.
**tmp.tex
(./tmp.tex
LaTeX2e <2014/05/01>
Babel <3.9l> and hyphenation patterns for 79 languages loaded.
(./mgr.cls
Document Class: mgr 2005/12/01 Non-Standard LaTeX document class
(/usr/share/texlive/texmf-dist/tex/latex/base/bk12.clo
File: bk12.clo 2014/09/29 v1.4h Standard LaTeX file (size option)
)
\c@part=\count79
\c@chapter=\count80
\c@section=\count81
\c@subsection=\count82
\c@subsubsection=\count83
\c@paragraph=\count84
\c@subparagraph=\count85
\c@figure=\count86
\c@table=\count87
\abovecaptionskip=\skip41
\belowcaptionskip=\skip42
\bibindent=\dimen102
)
(/usr/share/texlive/texmf-dist/tex/latex/polski/polski.sty
Package: polski 2008/02/24 v1.3.3 Polish language package

Document language package `polski' v1.3.3 <2008/02/24>
   Switching to Polish text encoding and Polish maths fonts.
(/usr/share/texlive/texmf-dist/tex/latex/base/ot4enc.def
File: ot4enc.def 2005/09/27 v1.99g Standard LaTeX file
)
LaTeX Font Info:    Try loading font information for OT4+cmr on input line 346.


(/usr/share/texlive/texmf-dist/tex/latex/polski/ot4cmr.fd
File: ot4cmr.fd 2008/02/24 v1.2.1 Font defs for fonts PL (MW)
)
LaTeX Font Info:    Overwriting math alphabet `\mathbf' in version `normal'
(Font)                  OT1/cmr/bx/n --> OT4/cmr/bx/n on input line 346.
LaTeX Font Info:    Overwriting math alphabet `\mathsf' in version `normal'
(Font)                  OT1/cmss/m/n --> OT4/cmss/m/n on input line 346.
LaTeX Font Info:    Overwriting math alphabet `\mathit' in version `normal'
(Font)                  OT1/cmr/m/it --> OT4/cmr/m/it on input line 346.
LaTeX Font Info:    Overwriting math alphabet `\mathtt' in version `normal'
(Font)                  OT1/cmtt/m/n --> OT4/cmtt/m/n on input line 346.
LaTeX Font Info:    Overwriting math alphabet `\mathsf' in version `bold'
(Font)                  OT1/cmss/bx/n --> OT4/cmss/bx/n on input line 346.
LaTeX Font Info:    Overwriting math alphabet `\mathit' in version `bold'
(Font)                  OT1/cmr/bx/it --> OT4/cmr/bx/it on input line 346.
LaTeX Font Info:    Encoding `OT1' has changed to `OT4' for symbol font
(Font)              `operators' in the math version `normal' on input line 346.

LaTeX Font Info:    Overwriting symbol font `operators' in version `normal'
(Font)                  OT1/cmr/m/n --> OT4/cmr/m/n on input line 346.
LaTeX Font Info:    Overwriting symbol font `letters' in version `normal'
(Font)                  OML/cmm/m/it --> OML/plm/m/it on input line 346.
LaTeX Font Info:    Overwriting symbol font `symbols' in version `normal'
(Font)                  OMS/cmsy/m/n --> OMS/plsy/m/n on input line 346.
LaTeX Font Info:    Overwriting symbol font `largesymbols' in version `normal'
(Font)                  OMX/cmex/m/n --> OMX/plex/m/n on input line 346.
LaTeX Font Info:    Encoding `OT1' has changed to `OT4' for symbol font
(Font)              `operators' in the math version `bold' on input line 346.
LaTeX Font Info:    Overwriting symbol font `operators' in version `bold'
(Font)                  OT1/cmr/bx/n --> OT4/cmr/bx/n on input line 346.
LaTeX Font Info:    Overwriting symbol font `letters' in version `bold'
(Font)                  OML/cmm/b/it --> OML/plm/b/it on input line 346.
LaTeX Font Info:    Overwriting symbol font `symbols' in version `bold'
(Font)                  OMS/cmsy/b/n --> OMS/plsy/b/n on input line 346.
)
(/usr/share/texlive/texmf-dist/tex/latex/base/inputenc.sty
Package: inputenc 2014/04/30 v1.2b Input encoding file
\inpenc@prehook=\toks14
\inpenc@posthook=\toks15

(/usr/share/texlive/texmf-dist/tex/latex/base/utf8.def
File: utf8.def 2014/09/29 v1.1m UTF-8 support for inputenc
Now handling font encoding OML ...
... no UTF-8 mapping file for font encoding OML
Now handling font encoding T1 ...
... processing UTF-8 mapping file for font encoding T1

(/usr/share/texlive/texmf-dist/tex/latex/base/t1enc.dfu
File: t1enc.dfu 2014/09/29 v1.1m UTF-8 support for inputenc
   defining Unicode char U+00A1 (decimal 161)
   defining Unicode char U+00A3 (decimal 163)
   defining Unicode char U+00AB (decimal 171)
   defining Unicode char U+00BB (decimal 187)
   defining Unicode char U+00BF (decimal 191)
   defining Unicode char U+00C0 (decimal 192)
   defining Unicode char U+00C1 (decimal 193)
   defining Unicode char U+00C2 (decimal 194)
   defining Unicode char U+00C3 (decimal 195)
   defining Unicode char U+00C4 (decimal 196)
   defining Unicode char U+00C5 (decimal 197)
   defining Unicode char U+00C6 (decimal 198)
   defining Unicode char U+00C7 (decimal 199)
   defining Unicode char U+00C8 (decimal 200)
   defining Unicode char U+00C9 (decimal 201)
   defining Unicode char U+00CA (decimal 202)
   defining Unicode char U+00CB (decimal 203)
   defining Unicode char U+00CC (decimal 204)
   defining Unicode char U+00CD (decimal 205)
   defining Unicode char U+00CE (decimal 206)
   defining Unicode char U+00CF (decimal 207)
   defining Unicode char U+00D0 (decimal 208)
   defining Unicode char U+00D1 (decimal 209)
   defining Unicode char U+00D2 (decimal 210)
   defining Unicode char U+00D3 (decimal 211)
   defining Unicode char U+00D4 (decimal 212)
   defining Unicode char U+00D5 (decimal 213)
   defining Unicode char U+00D6 (decimal 214)
   defining Unicode char U+00D8 (decimal 216)
   defining Unicode char U+00D9 (decimal 217)
   defining Unicode char U+00DA (decimal 218)
   defining Unicode char U+00DB (decimal 219)
   defining Unicode char U+00DC (decimal 220)
   defining Unicode char U+00DD (decimal 221)
   defining Unicode char U+00DE (decimal 222)
   defining Unicode char U+00DF (decimal 223)
   defining Unicode char U+00E0 (decimal 224)
   defining Unicode char U+00E1 (decimal 225)
   defining Unicode char U+00E2 (decimal 226)
   defining Unicode char U+00E3 (decimal 227)
   defining Unicode char U+00E4 (decimal 228)
   defining Unicode char U+00E5 (decimal 229)
   defining Unicode char U+00E6 (decimal 230)
   defining Unicode char U+00E7 (decimal 231)
   defining Unicode char U+00E8 (decimal 232)
   defining Unicode char U+00E9 (decimal 233)
   defining Unicode char U+00EA (decimal 234)
   defining Unicode char U+00EB (decimal 235)
   defining Unicode char U+00EC (decimal 236)
   defining Unicode char U+00ED (decimal 237)
   defining Unicode char U+00EE (decimal 238)
   defining Unicode char U+00EF (decimal 239)
   defining Unicode char U+00F0 (decimal 240)
   defining Unicode char U+00F1 (decimal 241)
   defining Unicode char U+00F2 (decimal 242)
   defining Unicode char U+00F3 (decimal 243)
   defining Unicode char U+00F4 (decimal 244)
   defining Unicode char U+00F5 (decimal 245)
   defining Unicode char U+00F6 (decimal 246)
   defining Unicode char U+00F8 (decimal 248)
   defining Unicode char U+00F9 (decimal 249)
   defining Unicode char U+00FA (decimal 250)
   defining Unicode char U+00FB (decimal 251)
   defining Unicode char U+00FC (decimal 252)
   defining Unicode char U+00FD (decimal 253)
   defining Unicode char U+00FE (decimal 254)
   defining Unicode char U+00FF (decimal 255)
   defining Unicode char U+0102 (decimal 258)
   defining Unicode char U+0103 (decimal 259)
   defining Unicode char U+0104 (decimal 260)
   defining Unicode char U+0105 (decimal 261)
   defining Unicode char U+0106 (decimal 262)
   defining Unicode char U+0107 (decimal 263)
   defining Unicode char U+010C (decimal 268)
   defining Unicode char U+010D (decimal 269)
   defining Unicode char U+010E (decimal 270)
   defining Unicode char U+010F (decimal 271)
   defining Unicode char U+0110 (decimal 272)
   defining Unicode char U+0111 (decimal 273)
   defining Unicode char U+0118 (decimal 280)
   defining Unicode char U+0119 (decimal 281)
   defining Unicode char U+011A (decimal 282)
   defining Unicode char U+011B (decimal 283)
   defining Unicode char U+011E (decimal 286)
   defining Unicode char U+011F (decimal 287)
   defining Unicode char U+0130 (decimal 304)
   defining Unicode char U+0131 (decimal 305)
   defining Unicode char U+0132 (decimal 306)
   defining Unicode char U+0133 (decimal 307)
   defining Unicode char U+0139 (decimal 313)
   defining Unicode char U+013A (decimal 314)
   defining Unicode char U+013D (decimal 317)
   defining Unicode char U+013E (decimal 318)
   defining Unicode char U+0141 (decimal 321)
   defining Unicode char U+0142 (decimal 322)
   defining Unicode char U+0143 (decimal 323)
   defining Unicode char U+0144 (decimal 324)
   defining Unicode char U+0147 (decimal 327)
   defining Unicode char U+0148 (decimal 328)
   defining Unicode char U+014A (decimal 330)
   defining Unicode char U+014B (decimal 331)
   defining Unicode char U+0150 (decimal 336)
   defining Unicode char U+0151 (decimal 337)
   defining Unicode char U+0152 (decimal 338)
   defining Unicode char U+0153 (decimal 339)
   defining Unicode char U+0154 (decimal 340)
   defining Unicode char U+0155 (decimal 341)
   defining Unicode char U+0158 (decimal 344)
   defining Unicode char U+0159 (decimal 345)
   defining Unicode char U+015A (decimal 346)
   defining Unicode char U+015B (decimal 347)
   defining Unicode char U+015E (decimal 350)
   defining Unicode char U+015F (decimal 351)
   defining Unicode char U+0160 (decimal 352)
   defining Unicode char U+0161 (decimal 353)
   defining Unicode char U+0162 (decimal 354)
   defining Unicode char U+0163 (decimal 355)
   defining Unicode char U+0164 (decimal 356)
   defining Unicode char U+0165 (decimal 357)
   defining Unicode char U+016E (decimal 366)
   defining Unicode char U+016F (decimal 367)
   defining Unicode char U+0170 (decimal 368)
   defining Unicode char U+0171 (decimal 369)
   defining Unicode char U+0178 (decimal 376)
   defining Unicode char U+0179 (decimal 377)
   defining Unicode char U+017A (decimal 378)
   defining Unicode char U+017B (decimal 379)
   defining Unicode char U+017C (decimal 380)
   defining Unicode char U+017D (decimal 381)
   defining Unicode char U+017E (decimal 382)
   defining Unicode char U+200C (decimal 8204)
   defining Unicode char U+2013 (decimal 8211)
   defining Unicode char U+2014 (decimal 8212)
   defining Unicode char U+2018 (decimal 8216)
   defining Unicode char U+2019 (decimal 8217)
   defining Unicode char U+201A (decimal 8218)
   defining Unicode char U+201C (decimal 8220)
   defining Unicode char U+201D (decimal 8221)
   defining Unicode char U+201E (decimal 8222)
   defining Unicode char U+2030 (decimal 8240)
   defining Unicode char U+2031 (decimal 8241)
   defining Unicode char U+2039 (decimal 8249)
   defining Unicode char U+203A (decimal 8250)
   defining Unicode char U+2423 (decimal 9251)
)
Now handling font encoding OT1 ...
... processing UTF-8 mapping file for font encoding OT1

(/usr/share/texlive/texmf-dist/tex/latex/base/ot1enc.dfu
File: ot1enc.dfu 2014/09/29 v1.1m UTF-8 support for inputenc
   defining Unicode char U+00A1 (decimal 161)
   defining Unicode char U+00A3 (decimal 163)
   defining Unicode char U+00B8 (decimal 184)
   defining Unicode char U+00BF (decimal 191)
   defining Unicode char U+00C5 (decimal 197)
   defining Unicode char U+00C6 (decimal 198)
   defining Unicode char U+00D8 (decimal 216)
   defining Unicode char U+00DF (decimal 223)
   defining Unicode char U+00E6 (decimal 230)
   defining Unicode char U+00EC (decimal 236)
   defining Unicode char U+00ED (decimal 237)
   defining Unicode char U+00EE (decimal 238)
   defining Unicode char U+00EF (decimal 239)
   defining Unicode char U+00F8 (decimal 248)
   defining Unicode char U+0131 (decimal 305)
   defining Unicode char U+0141 (decimal 321)
   defining Unicode char U+0142 (decimal 322)
   defining Unicode char U+0152 (decimal 338)
   defining Unicode char U+0153 (decimal 339)
   defining Unicode char U+2013 (decimal 8211)
   defining Unicode char U+2014 (decimal 8212)
   defining Unicode char U+2018 (decimal 8216)
   defining Unicode char U+2019 (decimal 8217)
   defining Unicode char U+201C (decimal 8220)
   defining Unicode char U+201D (decimal 8221)
)
Now handling font encoding OMS ...
... processing UTF-8 mapping file for font encoding OMS

(/usr/share/texlive/texmf-dist/tex/latex/base/omsenc.dfu
File: omsenc.dfu 2014/09/29 v1.1m UTF-8 support for inputenc
   defining Unicode char U+00A7 (decimal 167)
   defining Unicode char U+00B6 (decimal 182)
   defining Unicode char U+00B7 (decimal 183)
   defining Unicode char U+2020 (decimal 8224)
   defining Unicode char U+2021 (decimal 8225)
   defining Unicode char U+2022 (decimal 8226)
)
Now handling font encoding OMX ...
... no UTF-8 mapping file for font encoding OMX
Now handling font encoding U ...
... no UTF-8 mapping file for font encoding U
Now handling font encoding OT4 ...
... no UTF-8 mapping file for font encoding OT4
   defining Unicode char U+00A9 (decimal 169)
   defining Unicode char U+00AA (decimal 170)
   defining Unicode char U+00AE (decimal 174)
   defining Unicode char U+00BA (decimal 186)
   defining Unicode char U+02C6 (decimal 710)
   defining Unicode char U+02DC (decimal 732)
   defining Unicode char U+200C (decimal 8204)
   defining Unicode char U+2026 (decimal 8230)
   defining Unicode char U+2122 (decimal 8482)
   defining Unicode char U+2423 (decimal 9251)
))
(/usr/share/texlive/texmf-dist/tex/latex/amsmath/amsmath.sty
Package: amsmath 2013/01/14 v2.14 AMS math features
\@mathmargin=\skip43

For additional information on amsmath, use the `?' option.
(/usr/share/texlive/texmf-dist/tex/latex/amsmath/amstext.sty
Package: amstext 2000/06/29 v2.01

(/usr/share/texlive/texmf-dist/tex/latex/amsmath/amsgen.sty
File: amsgen.sty 1999/11/30 v2.0
\@emptytoks=\toks16
\ex@=\dimen103
))
(/usr/share/texlive/texmf-dist/tex/latex/amsmath/amsbsy.sty
Package: amsbsy 1999/11/29 v1.2d
\pmbraise@=\dimen104
)
(/usr/share/texlive/texmf-dist/tex/latex/amsmath/amsopn.sty
Package: amsopn 1999/12/14 v2.01 operator names
)
\inf@bad=\count88
LaTeX Info: Redefining \frac on input line 210.
\uproot@=\count89
\leftroot@=\count90
LaTeX Info: Redefining \overline on input line 306.
\classnum@=\count91
\DOTSCASE@=\count92
LaTeX Info: Redefining \ldots on input line 378.
LaTeX Info: Redefining \dots on input line 381.
LaTeX Info: Redefining \cdots on input line 466.
\Mathstrutbox@=\box26
\strutbox@=\box27
\big@size=\dimen105
LaTeX Font Info:    Redeclaring font encoding OML on input line 566.
LaTeX Font Info:    Redeclaring font encoding OMS on input line 567.
\macc@depth=\count93
\c@MaxMatrixCols=\count94
\dotsspace@=\muskip10
\c@parentequation=\count95
\dspbrk@lvl=\count96
\tag@help=\toks17
\row@=\count97
\column@=\count98
\maxfields@=\count99
\andhelp@=\toks18
\eqnshift@=\dimen106
\alignsep@=\dimen107
\tagshift@=\dimen108
\tagwidth@=\dimen109
\totwidth@=\dimen110
\lineht@=\dimen111
\@envbody=\toks19
\multlinegap=\skip44
\multlinetaggap=\skip45
\mathdisplay@stack=\toks20
LaTeX Info: Redefining \[ on input line 2665.
LaTeX Info: Redefining \] on input line 2666.
)
(/usr/share/texlive/texmf-dist/tex/latex/graphics/graphicx.sty
Package: graphicx 2014/04/25 v1.0g Enhanced LaTeX Graphics (DPC,SPQR)

(/usr/share/texlive/texmf-dist/tex/latex/graphics/keyval.sty
Package: keyval 2014/05/08 v1.15 key=value parser (DPC)
\KV@toks@=\toks21
)
(/usr/share/texlive/texmf-dist/tex/latex/graphics/graphics.sty
Package: graphics 2009/02/05 v1.0o Standard LaTeX Graphics (DPC,SPQR)

(/usr/share/texlive/texmf-dist/tex/latex/graphics/trig.sty
Package: trig 1999/03/16 v1.09 sin cos tan (DPC)
)
(/usr/share/texlive/texmf-dist/tex/latex/latexconfig/graphics.cfg
File: graphics.cfg 2010/04/23 v1.9 graphics configuration of TeX Live
)
Package graphics Info: Driver file: pdftex.def on input line 91.

(/usr/share/texlive/texmf-dist/tex/latex/pdftex-def/pdftex.def
File: pdftex.def 2011/05/27 v0.06d Graphics/color for pdfTeX

(/usr/share/texlive/texmf-dist/tex/generic/oberdiek/infwarerr.sty
Package: infwarerr 2010/04/08 v1.3 Providing info/warning/error messages (HO)
)
(/usr/share/texlive/texmf-dist/tex/generic/oberdiek/ltxcmds.sty
Package: ltxcmds 2011/11/09 v1.22 LaTeX kernel commands for general use (HO)
)
\Gread@gobject=\count100
))
\Gin@req@height=\dimen112
\Gin@req@width=\dimen113
)
(/usr/share/texlive/texmf-dist/tex/latex/amsfonts/amsfonts.sty
Package: amsfonts 2013/01/14 v3.01 Basic AMSFonts support
\symAMSa=\mathgroup4
\symAMSb=\mathgroup5
LaTeX Font Info:    Overwriting math alphabet `\mathfrak' in version `bold'
(Font)                  U/euf/m/n --> U/euf/b/n on input line 106.
)
(/usr/share/texlive/texmf-dist/tex/latex/hyperref/hyperref.sty
Package: hyperref 2012/11/06 v6.83m Hypertext links for LaTeX

(/usr/share/texlive/texmf-dist/tex/generic/oberdiek/hobsub-hyperref.sty
Package: hobsub-hyperref 2012/05/28 v1.13 Bundle oberdiek, subset hyperref (HO)


(/usr/share/texlive/texmf-dist/tex/generic/oberdiek/hobsub-generic.sty
Package: hobsub-generic 2012/05/28 v1.13 Bundle oberdiek, subset generic (HO)
Package: hobsub 2012/05/28 v1.13 Construct package bundles (HO)
Package hobsub Info: Skipping package `infwarerr' (already loaded).
Package hobsub Info: Skipping package `ltxcmds' (already loaded).
Package: ifluatex 2010/03/01 v1.3 Provides the ifluatex switch (HO)
Package ifluatex Info: LuaTeX not detected.
Package: ifvtex 2010/03/01 v1.5 Detect VTeX and its facilities (HO)
Package ifvtex Info: VTeX not detected.
Package: intcalc 2007/09/27 v1.1 Expandable calculations with integers (HO)
Package: ifpdf 2011/01/30 v2.3 Provides the ifpdf switch (HO)
Package ifpdf Info: pdfTeX in PDF mode is detected.
Package: etexcmds 2011/02/16 v1.5 Avoid name clashes with e-TeX commands (HO)
Package etexcmds Info: Could not find \expanded.
(etexcmds)             That can mean that you are not using pdfTeX 1.50 or
(etexcmds)             that some package has redefined \expanded.
(etexcmds)             In the latter case, load this package earlier.
Package: kvsetkeys 2012/04/25 v1.16 Key value parser (HO)
Package: kvdefinekeys 2011/04/07 v1.3 Define keys (HO)
Package: pdftexcmds 2011/11/29 v0.20 Utility functions of pdfTeX for LuaTeX (HO
)
Package pdftexcmds Info: LuaTeX not detected.
Package pdftexcmds Info: \pdf@primitive is available.
Package pdftexcmds Info: \pdf@ifprimitive is available.
Package pdftexcmds Info: \pdfdraftmode found.
Package: pdfescape 2011/11/25 v1.13 Implements pdfTeX's escape features (HO)
Package: bigintcalc 2012/04/08 v1.3 Expandable calculations on big integers (HO
)
Package: bitset 2011/01/30 v1.1 Handle bit-vector datatype (HO)
Package: uniquecounter 2011/01/30 v1.2 Provide unlimited unique counter (HO)
)
Package hobsub Info: Skipping package `hobsub' (already loaded).
Package: letltxmacro 2010/09/02 v1.4 Let assignment for LaTeX macros (HO)
Package: hopatch 2012/05/28 v1.2 Wrapper for package hooks (HO)
Package: xcolor-patch 2011/01/30 xcolor patch
Package: atveryend 2011/06/30 v1.8 Hooks at the very end of document (HO)
Package atveryend Info: \enddocument detected (standard20110627).
Package: atbegshi 2011/10/05 v1.16 At begin shipout hook (HO)
Package: refcount 2011/10/16 v3.4 Data extraction from label references (HO)
Package: hycolor 2011/01/30 v1.7 Color options for hyperref/bookmark (HO)
)
(/usr/share/texlive/texmf-dist/tex/generic/ifxetex/ifxetex.sty
Package: ifxetex 2010/09/12 v0.6 Provides ifxetex conditional
)
(/usr/share/texlive/texmf-dist/tex/latex/oberdiek/auxhook.sty
Package: auxhook 2011/03/04 v1.3 Hooks for auxiliary files (HO)
)
(/usr/share/texlive/texmf-dist/tex/latex/oberdiek/kvoptions.sty
Package: kvoptions 2011/06/30 v3.11 Key value format for package options (HO)
)
\@linkdim=\dimen114
\Hy@linkcounter=\count101
\Hy@pagecounter=\count102

(/usr/share/texlive/texmf-dist/tex/latex/hyperref/pd1enc.def
File: pd1enc.def 2012/11/06 v6.83m Hyperref: PDFDocEncoding definition (HO)
Now handling font encoding PD1 ...
... no UTF-8 mapping file for font encoding PD1
)
\Hy@SavedSpaceFactor=\count103

(/usr/share/texlive/texmf-dist/tex/latex/latexconfig/hyperref.cfg
File: hyperref.cfg 2002/06/06 v1.2 hyperref configuration of TeXLive
)
Package hyperref Info: Hyper figures OFF on input line 4443.
Package hyperref Info: Link nesting OFF on input line 4448.
Package hyperref Info: Hyper index ON on input line 4451.
Package hyperref Info: Plain pages OFF on input line 4458.
Package hyperref Info: Backreferencing OFF on input line 4463.
Package hyperref Info: Implicit mode ON; LaTeX internals redefined.
Package hyperref Info: Bookmarks ON on input line 4688.
\c@Hy@tempcnt=\count104

(/usr/share/texlive/texmf-dist/tex/latex/url/url.sty
\Urlmuskip=\muskip11
Package: url 2013/09/16  ver 3.4  Verb mode for urls, etc.
)
LaTeX Info: Redefining \url on input line 5041.
\XeTeXLinkMargin=\dimen115
\Fld@menulength=\count105
\Field@Width=\dimen116
\Fld@charsize=\dimen117
Package hyperref Info: Hyper figures OFF on input line 6295.
Package hyperref Info: Link nesting OFF on input line 6300.
Package hyperref Info: Hyper index ON on input line 6303.
Package hyperref Info: backreferencing OFF on input line 6310.
Package hyperref Info: Link coloring OFF on input line 6315.
Package hyperref Info: Link coloring with OCG OFF on input line 6320.
Package hyperref Info: PDF/A mode OFF on input line 6325.
LaTeX Info: Redefining \ref on input line 6365.
LaTeX Info: Redefining \pageref on input line 6369.
\Hy@abspage=\count106
\c@Item=\count107
\c@Hfootnote=\count108
)

Package hyperref Message: Driver (autodetected): hpdftex.

(/usr/share/texlive/texmf-dist/tex/latex/hyperref/hpdftex.def
File: hpdftex.def 2012/11/06 v6.83m Hyperref driver for pdfTeX
\Fld@listcount=\count109
\c@bookmark@seq@number=\count110

(/usr/share/texlive/texmf-dist/tex/latex/oberdiek/rerunfilecheck.sty
Package: rerunfilecheck 2011/04/15 v1.7 Rerun checks for auxiliary files (HO)
Package uniquecounter Info: New unique counter `rerunfilecheck' on input line 2
82.
)
\Hy@SectionHShift=\skip46
)
(/usr/share/texlive/texmf-dist/tex/latex/tabstackengine/tabstackengine.sty
Package: tabstackengine 2014/02/19 (V1.10) tabbed stacking

(/usr/share/texlive/texmf-dist/tex/latex/stackengine/stackengine.sty
Package: stackengine 2014/01/06 v3.24\ Stacking text and objects in convenient 
ways

(/usr/share/texlive/texmf-dist/tex/latex/etoolbox/etoolbox.sty
Package: etoolbox 2011/01/03 v2.1 e-TeX tools for LaTeX

(/usr/share/texlive/texmf-dist/tex/latex/etex-pkg/etex.sty
Package: etex 1998/03/26 v2.0 eTeX basic definition package (PEB)
\et@xins=\count111
)
\etb@tempcnta=\count112
)
(/usr/share/texlive/texmf-dist/tex/latex/tools/calc.sty
Package: calc 2014/10/28 v4.3 Infix arithmetic (KKT,FJ)
\calc@Acount=\count113
\calc@Bcount=\count114
\calc@Adimen=\dimen118
\calc@Bdimen=\dimen119
\calc@Askip=\skip47
\calc@Bskip=\skip48
LaTeX Info: Redefining \setlength on input line 75.
LaTeX Info: Redefining \addtolength on input line 76.
\calc@Ccount=\count115
\calc@Cskip=\skip49
)
\c@@stackindex=\count116
\@boxshift=\skip50
\stack@tmplength=\skip51
\temp@stkl=\skip52
\@stackedboxwidth=\skip53
\@addedbox=\box28
\@anchorbox=\box29
\stackedbox=\box30
\@centerbox=\box31
\c@ROWcellindex@=\count117
)
\c@TAB@stackindex=\count118
\c@TABcellindex@=\count119
\maxTAB@width=\skip54
\c@TABalignmentindex@=\count120
)
(/usr/share/texlive/texmf-dist/tex/latex/caption/caption.sty
Package: caption 2013/05/02 v3.3-89 Customizing captions (AR)

(/usr/share/texlive/texmf-dist/tex/latex/caption/caption3.sty
Package: caption3 2013/05/02 v1.6-88 caption3 kernel (AR)
Package caption3 Info: TeX engine: e-TeX on input line 57.
\captionmargin=\dimen120
\captionmargin@=\dimen121
\captionwidth=\dimen122
\caption@tempdima=\dimen123
\caption@indent=\dimen124
\caption@parindent=\dimen125
\caption@hangindent=\dimen126
Package caption Info: Unknown document class (or package),
(caption)             standard defaults will be used.
)

Package caption Warning: Unsupported document class (or package) detected,
(caption)                usage of the caption package is not recommended.
See the caption package documentation for explanation.

Package caption Info: \@makecaption = \long macro:#1#2->\vskip \abovecaptionski
p \sbox \@tempboxa {#1~~#2}\ifdim \wd \@tempboxa >\hsize #1~~#2\par \else \glob
al \@minipagefalse \hb@xt@ \hsize {\hfil \box \@tempboxa \hfil }\fi \vskip \bel
owcaptionskip .
\c@ContinuedFloat=\count121
Package caption Info: hyperref package is loaded.
) (/usr/share/texlive/texmf-dist/tex/latex/subfig/subfig.sty
Package: subfig 2005/06/28 ver: 1.3 subfig package
\c@KVtest=\count122
\sf@farskip=\skip55
\sf@captopadj=\dimen127
\sf@capskip=\skip56
\sf@nearskip=\skip57
\c@subfigure=\count123
\c@subfigure@save=\count124
\c@lofdepth=\count125
\c@subtable=\count126
\c@subtable@save=\count127
\c@lotdepth=\count128
\sf@top=\skip58
\sf@bottom=\skip59
) (./tmp.aux

LaTeX Warning: Label `fig:gradient' multiply defined.

)
\openout1 = `tmp.aux'.

LaTeX Font Info:    Checking defaults for OML/cmm/m/it on input line 26.
LaTeX Font Info:    ... okay on input line 26.
LaTeX Font Info:    Checking defaults for T1/cmr/m/n on input line 26.
LaTeX Font Info:    ... okay on input line 26.
LaTeX Font Info:    Checking defaults for OT1/cmr/m/n on input line 26.
LaTeX Font Info:    ... okay on input line 26.
LaTeX Font Info:    Checking defaults for OMS/cmsy/m/n on input line 26.
LaTeX Font Info:    ... okay on input line 26.
LaTeX Font Info:    Checking defaults for OMX/cmex/m/n on input line 26.
LaTeX Font Info:    ... okay on input line 26.
LaTeX Font Info:    Checking defaults for U/cmr/m/n on input line 26.
LaTeX Font Info:    ... okay on input line 26.
LaTeX Font Info:    Checking defaults for OT4/cmr/m/n on input line 26.
LaTeX Font Info:    ... okay on input line 26.
LaTeX Font Info:    Checking defaults for PD1/pdf/m/n on input line 26.
LaTeX Font Info:    ... okay on input line 26.
 (/usr/share/texlive/texmf-dist/tex/context/base/supp-pdf.mkii
[Loading MPS to PDF converter (version 2006.09.02).]
\scratchcounter=\count129
\scratchdimen=\dimen128
\scratchbox=\box32
\nofMPsegments=\count130
\nofMParguments=\count131
\everyMPshowfont=\toks22
\MPscratchCnt=\count132
\MPscratchDim=\dimen129
\MPnumerator=\count133
\makeMPintoPDFobject=\count134
\everyMPtoPDFconversion=\toks23
) (/usr/share/texlive/texmf-dist/tex/latex/oberdiek/epstopdf-base.sty
Package: epstopdf-base 2010/02/09 v2.5 Base part for package epstopdf

(/usr/share/texlive/texmf-dist/tex/latex/oberdiek/grfext.sty
Package: grfext 2010/08/19 v1.1 Manage graphics extensions (HO)
)
Package grfext Info: Graphics extension search list:
(grfext)             [.png,.pdf,.jpg,.mps,.jpeg,.jbig2,.jb2,.PNG,.PDF,.JPG,.JPE
G,.JBIG2,.JB2,.eps]
(grfext)             \AppendGraphicsExtensions on input line 452.

(/usr/share/texlive/texmf-dist/tex/latex/latexconfig/epstopdf-sys.cfg
File: epstopdf-sys.cfg 2010/07/13 v1.3 Configuration of (r)epstopdf for TeX Liv
e
))
\AtBeginShipoutBox=\box33
Package hyperref Info: Link coloring OFF on input line 26.

(/usr/share/texlive/texmf-dist/tex/latex/hyperref/nameref.sty
Package: nameref 2012/10/27 v2.43 Cross-referencing by name of section

(/usr/share/texlive/texmf-dist/tex/generic/oberdiek/gettitlestring.sty
Package: gettitlestring 2010/12/03 v1.4 Cleanup title references (HO)
)
\c@section@level=\count135
)
LaTeX Info: Redefining \ref on input line 26.
LaTeX Info: Redefining \pageref on input line 26.
LaTeX Info: Redefining \nameref on input line 26.

(./tmp.out) (./tmp.out)
\@outlinefile=\write3
\openout3 = `tmp.out'.

Package caption Info: Begin \AtBeginDocument code.
Package caption Info: subfig package v1.3 is loaded.
Package caption Info: End \AtBeginDocument code.
\@temphbadness=\count136
\@tempvbadness=\count137
\@temphfuzz=\skip60
\@temptextwidth=\skip61
\@temptextheight=\skip62
\@temptopmargin=\skip63
\@tempheadheight=\skip64
\@tempheadsep=\skip65
\@tempoddsidemargin=\skip66
\@tempevensidemargin=\skip67
LaTeX Font Info:    Try loading font information for OML+plm on input line 30.

(/usr/share/texlive/texmf-dist/tex/latex/polski/omlplm.fd
File: omlplm.fd 2008/02/24 v1.2.1 Font defs for fonts PL (MW)
)
LaTeX Font Info:    Try loading font information for OMS+plsy on input line 30.


(/usr/share/texlive/texmf-dist/tex/latex/polski/omsplsy.fd
File: omsplsy.fd 2008/02/24 v1.2.1 Font defs for fonts PL (MW)
)
LaTeX Font Info:    Try loading font information for OMX+plex on input line 30.


(/usr/share/texlive/texmf-dist/tex/latex/polski/omxplex.fd
File: omxplex.fd 2008/02/24 v1.2.1 Font defs for fonts PL (MW)
)
LaTeX Font Info:    External font `plex10' loaded for size
(Font)              <12> on input line 30.
LaTeX Font Info:    External font `plex10' loaded for size
(Font)              <8> on input line 30.
LaTeX Font Info:    External font `plex10' loaded for size
(Font)              <6> on input line 30.
LaTeX Font Info:    Try loading font information for U+msa on input line 30.

(/usr/share/texlive/texmf-dist/tex/latex/amsfonts/umsa.fd
File: umsa.fd 2013/01/14 v3.01 AMS symbols A
)
LaTeX Font Info:    Try loading font information for U+msb on input line 30.

(/usr/share/texlive/texmf-dist/tex/latex/amsfonts/umsb.fd
File: umsb.fd 2013/01/14 v3.01 AMS symbols B
)
\@tempheightkier=\skip68
\@tempheighttkier=\skip69
\@tempheightspec=\skip70
\@tempheighttspec=\skip71
 [1



{/var/lib/texmf/fonts/map/pdftex/updmap/pdftex.map}]
Rozdzia\PlPrIeC {\l } 1.
pdfTeX warning (ext4): destination with the same identifier (name{page.1}) has 
been already used, duplicate ignored
<to be read again> 
                   \relax 
l.52 
      [1


] [2] [3]
Rozdzia\PlPrIeC {\l } 2.
<haar_features.jpg, id=138, 321.2pt x 272.01625pt>
File: haar_features.jpg Graphic file (type jpg)
 <use haar_features.jpg>
Package pdftex.def Info: haar_features.jpg used on input line 90.
(pdftex.def)             Requested size: 227.62204pt x 192.77177pt.

<haar.png, id=140, 335.2525pt x 203.76125pt>
File: haar.png Graphic file (type png)
 <use haar.png>
Package pdftex.def Info: haar.png used on input line 101.
(pdftex.def)             Requested size: 227.62204pt x 138.34438pt.
 [4


] [5 <./haar_features.jpg> <./haar.png (PNG copy)>] <test.jpg, id=160, 642.4pt 
x 481.8pt>
File: test.jpg Graphic file (type jpg)

<use test.jpg>
Package pdftex.def Info: test.jpg used on input line 117.
(pdftex.def)             Requested size: 182.09485pt x 136.5719pt.
 <test_result.jpg, id=161, 642.4pt x 478.78876pt>
File: test_result.jpg Graphic file (type jpg)

<use test_result.jpg>
Package pdftex.def Info: test_result.jpg used on input line 118.
(pdftex.def)             Requested size: 182.09485pt x 135.71832pt.
 [6 <./test.jpg> <./test_result.jpg>] [7]
Rozdzia\PlPrIeC {\l } 3.
[8


] [9pdfTeX warning (ext4): destination with the same identifier (name{equation.
3.1.3}) has been already used, duplicate ignored

\AtBegShi@Output ...ipout \box \AtBeginShipoutBox 
                                                  \fi \fi 
l.208 \end{align*}
                  ] [10]
Overfull \hbox (20.51245pt too wide) in paragraph at lines 306--307
[]\OT4/cmr/m/n/12 Po kon-wer-sji do ory-gi-nal-nej wy-mia-row-±ci dys-po-nu-je-
my ba-z¡ $\OML/plm/m/it/12 M$ \OT4/cmr/m/n/12 wek-to-rów $\OML/plm/m/it/12 D$\O
T4/cmr/m/n/12 -wymiarowych.
 []

[11] <face_1.jpg, id=226, 64.24pt x 64.24pt>
File: face_1.jpg Graphic file (type jpg)
 <use face_1.jpg>
Package pdftex.def Info: face_1.jpg used on input line 335.
(pdftex.def)             Requested size: 56.9055pt x 56.90678pt.

<100.jpg, id=227, 64.24pt x 64.24pt>
File: 100.jpg Graphic file (type jpg)
 <use 100.jpg>
Package pdftex.def Info: 100.jpg used on input line 338.
(pdftex.def)             Requested size: 56.9055pt x 56.90678pt.

<200.jpg, id=228, 64.24pt x 64.24pt>
File: 200.jpg Graphic file (type jpg)
 <use 200.jpg>
Package pdftex.def Info: 200.jpg used on input line 341.
(pdftex.def)             Requested size: 56.9055pt x 56.90678pt.

<300.jpg, id=229, 64.24pt x 64.24pt>
File: 300.jpg Graphic file (type jpg)
 <use 300.jpg>
Package pdftex.def Info: 300.jpg used on input line 344.
(pdftex.def)             Requested size: 56.9055pt x 56.90678pt.

<400.jpg, id=230, 64.24pt x 64.24pt>
File: 400.jpg Graphic file (type jpg)
 <use 400.jpg>
Package pdftex.def Info: 400.jpg used on input line 347.
(pdftex.def)             Requested size: 56.9055pt x 56.90678pt.

<0.jpg, id=232, 64.24pt x 64.24pt>
File: 0.jpg Graphic file (type jpg)
 <use 0.jpg>
Package pdftex.def Info: 0.jpg used on input line 360.
(pdftex.def)             Requested size: 56.9055pt x 56.90678pt.

<1.jpg, id=233, 64.24pt x 64.24pt>
File: 1.jpg Graphic file (type jpg)
 <use 1.jpg>
Package pdftex.def Info: 1.jpg used on input line 362.
(pdftex.def)             Requested size: 56.9055pt x 56.90678pt.

<2.jpg, id=234, 64.24pt x 64.24pt>
File: 2.jpg Graphic file (type jpg)
 <use 2.jpg>
Package pdftex.def Info: 2.jpg used on input line 365.
(pdftex.def)             Requested size: 56.9055pt x 56.90678pt.

<3.jpg, id=235, 64.24pt x 64.24pt>
File: 3.jpg Graphic file (type jpg)
 <use 3.jpg>
Package pdftex.def Info: 3.jpg used on input line 368.
(pdftex.def)             Requested size: 56.9055pt x 56.90678pt.

<4.jpg, id=236, 64.24pt x 64.24pt>
File: 4.jpg Graphic file (type jpg)
 <use 4.jpg>
Package pdftex.def Info: 4.jpg used on input line 371.
(pdftex.def)             Requested size: 56.9055pt x 56.90678pt.

<392.jpg, id=237, 64.24pt x 64.24pt>
File: 392.jpg Graphic file (type jpg)
 <use 392.jpg>
Package pdftex.def Info: 392.jpg used on input line 375.
(pdftex.def)             Requested size: 56.9055pt x 56.90678pt.

<393.jpg, id=238, 64.24pt x 64.24pt>
File: 393.jpg Graphic file (type jpg)
 <use 393.jpg>
Package pdftex.def Info: 393.jpg used on input line 378.
(pdftex.def)             Requested size: 56.9055pt x 56.90678pt.

<394.jpg, id=239, 64.24pt x 64.24pt>
File: 394.jpg Graphic file (type jpg)
 <use 394.jpg>
Package pdftex.def Info: 394.jpg used on input line 381.
(pdftex.def)             Requested size: 56.9055pt x 56.90678pt.

<395.jpg, id=240, 64.24pt x 64.24pt>
File: 395.jpg Graphic file (type jpg)
 <use 395.jpg>
Package pdftex.def Info: 395.jpg used on input line 384.
(pdftex.def)             Requested size: 56.9055pt x 56.90678pt.

<396.jpg, id=241, 64.24pt x 64.24pt>
File: 396.jpg Graphic file (type jpg)
 <use 396.jpg>
Package pdftex.def Info: 396.jpg used on input line 387.
(pdftex.def)             Requested size: 56.9055pt x 56.90678pt.
 [12] [13 <./face_1.jpg> <./100.jpg> <./200.jpg> <./300.jpg> <./400.jpg> <./0.j
pg> <./1.jpg> <./2.jpg> <./3.jpg> <./4.jpg> <./392.jpg> <./393.jpg> <./394.jpg>
 <./395.jpg> <./396.jpg>]
[14] [15]
Rozdzia\PlPrIeC {\l } 4.
[16


] <pinhole_camera_model.png, id=280, 602.25pt x 424.58624pt>
File: pinhole_camera_model.png Graphic file (type png)

<use pinhole_camera_model.png>
Package pdftex.def Info: pinhole_camera_model.png used on input line 467.
(pdftex.def)             Requested size: 409.71689pt x 288.86383pt.

Overfull \hbox (48.5776pt too wide) in paragraph at lines 469--471
 \OT4/cmr/m/n/12 https://docs.opencv.org/2.4/modules/calib3d/doc/camera[]calibr
ation[]and[]3d[]reconstruction.html 
 []

[17 <./pinhole_camera_model.png>]
<pinhole.jpg, id=290, 573.14125pt x 377.41pt>
File: pinhole.jpg Graphic file (type jpg)
 <use pinhole.jpg>
Package pdftex.def Info: pinhole.jpg used on input line 504.
(pdftex.def)             Requested size: 409.71689pt x 269.80003pt.

<rzutowanie.jpg, id=292, 389.455pt x 500.87125pt>
File: rzutowanie.jpg Graphic file (type jpg)
 <use rzutowanie.jpg>
Package pdftex.def Info: rzutowanie.jpg used on input line 531.
(pdftex.def)             Requested size: 227.62204pt x 292.73718pt.
 [18 <./pinhole.jpg>] <600px-Barrel_distortion.png, id=301, 602.25pt x 602.25pt
>
File: 600px-Barrel_distortion.png Graphic file (type png)

<use 600px-Barrel_distortion.png>
Package pdftex.def Info: 600px-Barrel_distortion.png used on input line 545.
(pdftex.def)             Requested size: 85.35826pt x 85.35284pt.

<600px-Pincushion_distortion.png, id=302, 602.25pt x 602.25pt>
File: 600px-Pincushion_distortion.png Graphic file (type png)

<use 600px-Pincushion_distortion.png>
Package pdftex.def Info: 600px-Pincushion_distortion.png used on input line 548
.
(pdftex.def)             Requested size: 85.35826pt x 85.35284pt.

<600px-Mustache_distortion.png, id=303, 602.25pt x 602.25pt>
File: 600px-Mustache_distortion.png Graphic file (type png)

<use 600px-Mustache_distortion.png>
Package pdftex.def Info: 600px-Mustache_distortion.png used on input line 551.
(pdftex.def)             Requested size: 85.35826pt x 85.35284pt.
 [19 <./rzutowanie.jpg> <./600px-Barrel_distortion.png> <./600px-Pincushion_dis
tortion.png> <./600px-Mustache_distortion.png>] <cornersubpix.png, id=315, 520.
94624pt x 221.82875pt>
File: cornersubpix.png Graphic file (type png)

<use cornersubpix.png>
Package pdftex.def Info: cornersubpix.png used on input line 577.
(pdftex.def)             Requested size: 318.66946pt x 135.69443pt.
 <left1.jpg, id=316, 642.4pt x 481.8pt>
File: left1.jpg Graphic file (type jpg)
 <use left1.jpg>
Package pdftex.def Info: left1.jpg used on input line 605.
(pdftex.def)             Requested size: 99.58464pt x 74.68558pt.

<left10.jpg, id=317, 642.4pt x 481.8pt>
File: left10.jpg Graphic file (type jpg)
 <use left10.jpg>
Package pdftex.def Info: left10.jpg used on input line 608.
(pdftex.def)             Requested size: 99.58464pt x 74.68558pt.

<left27.jpg, id=318, 642.4pt x 481.8pt>
File: left27.jpg Graphic file (type jpg)
 <use left27.jpg>
Package pdftex.def Info: left27.jpg used on input line 611.
(pdftex.def)             Requested size: 99.58464pt x 74.68558pt.

<left8.jpg, id=319, 642.4pt x 481.8pt>
File: left8.jpg Graphic file (type jpg)
 <use left8.jpg>
Package pdftex.def Info: left8.jpg used on input line 620.
(pdftex.def)             Requested size: 99.58464pt x 74.68558pt.

<left17.jpg, id=320, 642.4pt x 481.8pt>
File: left17.jpg Graphic file (type jpg)
 <use left17.jpg>
Package pdftex.def Info: left17.jpg used on input line 623.
(pdftex.def)             Requested size: 99.58464pt x 74.68558pt.

<left24.jpg, id=321, 642.4pt x 481.8pt>
File: left24.jpg Graphic file (type jpg)
 <use left24.jpg>
Package pdftex.def Info: left24.jpg used on input line 626.
(pdftex.def)             Requested size: 99.58464pt x 74.68558pt.
 [20 <./cornersubpix.png>] <epipolar.jpg, id=333, 674.52pt x 413.545pt>
File: epipolar.jpg Graphic file (type jpg)
 <use epipolar.jpg>
Package pdftex.def Info: epipolar.jpg used on input line 640.
(pdftex.def)             Requested size: 318.66946pt x 195.3758pt.

<ekstrakcja.jpg, id=334, 641.39626pt x 634.37pt>
File: ekstrakcja.jpg Graphic file (type jpg)
 <use ekstrakcja.jpg>
Package pdftex.def Info: ekstrakcja.jpg used on input line 658.
(pdftex.def)             Requested size: 270.30118pt x 267.34346pt.
 [21 <./left1.jpg> <./left10.jpg> <./left27.jpg> <./left8.jpg> <./left17.jpg> <
./left24.jpg>] [22 <./epipolar.jpg> <./ekstrakcja.jpg>]
<falt_test_face1L.jpg, id=350, 637.38126pt x 472.76625pt>
File: falt_test_face1L.jpg Graphic file (type jpg)

<use falt_test_face1L.jpg>
Package pdftex.def Info: falt_test_face1L.jpg used on input line 684.
(pdftex.def)             Requested size: 156.49014pt x 116.0704pt.

<falt_test_face1R.jpg, id=351, 597.23125pt x 444.66125pt>
File: falt_test_face1R.jpg Graphic file (type jpg)

<use falt_test_face1R.jpg>
Package pdftex.def Info: falt_test_face1R.jpg used on input line 687.
(pdftex.def)             Requested size: 156.49014pt x 116.5116pt.
 <result_fail.png, id=352, 1919.17pt x 1073.00874pt>
File: result_fail.png Graphic file (type png)

<use result_fail.png>
Package pdftex.def Info: result_fail.png used on input line 693.
(pdftex.def)             Requested size: 298.75394pt x 167.01866pt.
 [23 <./falt_test_face1L.jpg> <./falt_test_face1R.jpg> <./result_fail.png (PNG 
copy)>] [24]
Rozdzia\PlPrIeC {\l } 5.
[25


] [26]
Underfull \hbox (badness 3354) in paragraph at lines 747--750
[]\OT4/cmr/m/n/12 Stanisªaw Osow-ski. \OT4/cmr/m/it/12 Sie-ci Neu-ro-no-we w uj
¦-ciu al-go-ryt-micz-nym \OT4/cmr/m/n/12 Wy-daw-nic-two
 []

LaTeX Font Info:    Try loading font information for OT4+cmtt on input line 791
.
(/usr/share/texlive/texmf-dist/tex/latex/polski/ot4cmtt.fd
File: ot4cmtt.fd 2008/02/24 v1.2.1 Font defs for fonts PL (MW)
) [27


]
Underfull \hbox (badness 10000) in paragraph at lines 810--812
\OT4/cmtt/m/n/12 http://www.bkav.com/d/top-news/-/view[]content/content/103968/
face-id-
 []

[28] (./tmp.toc)
\tf@toc=\write4
\openout4 = `tmp.toc'.

 [29


] (./tmp.lof
Overfull \hbox (143.90407pt too wide) in paragraph at lines 14--14
 [][] [][]\OT4/cmr/m/n/12 Gradient sza-chow-ni-cy. ¹ró-dªo: https://docs.opencv
.org/2.4/modules/imgproc/doc/feature[]detection.html[] []  
 []

)
\tf@lof=\write5
\openout5 = `tmp.lof'.

Package atveryend Info: Empty hook `BeforeClearDocument' on input line 819.
 [30


]
Package atveryend Info: Empty hook `AfterLastShipout' on input line 819.
 (./tmp.aux)
Package atveryend Info: Executing hook `AtVeryEndDocument' on input line 819.
Package atveryend Info: Executing hook `AtEndAfterFileList' on input line 819.
Package rerunfilecheck Info: File `tmp.out' has not changed.
(rerunfilecheck)             Checksum: 6829E0E19EE2CB56ABC068E1BA3AA21E;2122.


LaTeX Warning: There were multiply-defined labels.

Package atveryend Info: Empty hook `AtVeryVeryEnd' on input line 819.
 ) 
Here is how much of TeX's memory you used:
 8459 strings out of 493105
 124216 string characters out of 6137072
 225869 words of memory out of 5000000
 11632 multiletter control sequences out of 15000+600000
 16730 words of font info for 47 fonts, out of 8000000 for 9000
 1141 hyphenation exceptions out of 8191
 36i,18n,38p,1234b,440s stack positions out of 5000i,500n,10000p,200000b,80000s
{/usr/share/texlive/texmf-dist/fonts/enc/dvips/pl/pltt.enc}{/usr/share/texliv
e/texmf-dist/fonts/enc/dvips/pl/plit.enc}{/usr/share/texlive/texmf-dist/fonts/e
nc/dvips/pl/plmi.enc}{/usr/share/texlive/texmf-dist/fonts/enc/dvips/pl/plrm.enc
}{/usr/share/texlive/texmf-dist/fonts/enc/dvips/pl/plms.enc}{/usr/share/texlive
/texmf-dist/fonts/enc/dvips/pl/plme.enc}{/usr/share/texlive/texmf-dist/fonts/en
c/dvips/pl/plsc.enc}</usr/share/texlive/texmf-dist/fonts/type1/public/amsfonts/
symbols/msam10.pfb></usr/share/texlive/texmf-dist/fonts/type1/public/amsfonts/s
ymbols/msbm10.pfb></usr/share/texlive/texmf-dist/fonts/type1/public/pl/plbx10.p
fb></usr/share/texlive/texmf-dist/fonts/type1/public/pl/plbx12.pfb></usr/share/
texlive/texmf-dist/fonts/type1/public/pl/plbx8.pfb></usr/share/texlive/texmf-di
st/fonts/type1/public/pl/plcsc10.pfb></usr/share/texlive/texmf-dist/fonts/type1
/public/pl/plex10.pfb></usr/share/texlive/texmf-dist/fonts/type1/public/pl/plmi
12.pfb></usr/share/texlive/texmf-dist/fonts/type1/public/pl/plmi6.pfb></usr/sha
re/texlive/texmf-dist/fonts/type1/public/pl/plmi8.pfb></usr/share/texlive/texmf
-dist/fonts/type1/public/pl/plr12.pfb></usr/share/texlive/texmf-dist/fonts/type
1/public/pl/plr17.pfb></usr/share/texlive/texmf-dist/fonts/type1/public/pl/plr6
.pfb></usr/share/texlive/texmf-dist/fonts/type1/public/pl/plr8.pfb></usr/share/
texlive/texmf-dist/fonts/type1/public/pl/plsy10.pfb></usr/share/texlive/texmf-d
ist/fonts/type1/public/pl/plsy6.pfb></usr/share/texlive/texmf-dist/fonts/type1/
public/pl/plsy8.pfb></usr/share/texlive/texmf-dist/fonts/type1/public/pl/plti12
.pfb></usr/share/texlive/texmf-dist/fonts/type1/public/pl/pltt12.pfb>
Output written on tmp.pdf (31 pages, 1450854 bytes).
PDF statistics:
 553 PDF objects out of 1000 (max. 8388607)
 447 compressed objects within 5 object streams
 128 named destinations out of 1000 (max. 500000)
 410 words of extra memory for PDF output out of 10000 (max. 10000000)

