\BOOKMARK [0][-]{chapter.1}{Wstep}{}% 1
\BOOKMARK [1][-]{section.1.1}{Om\363wienie zagadnienia}{chapter.1}% 2
\BOOKMARK [1][-]{section.1.2}{Omawiany komponent jako czesc wiekszego systemu}{chapter.1}% 3
\BOOKMARK [2][-]{subsection.1.2.1}{Wykorzystane wzorce projektowe}{section.1.2}% 4
\BOOKMARK [2][-]{subsection.1.2.2}{Wykorzystane zasady i dobre praktyki programowania}{section.1.2}% 5
\BOOKMARK [2][-]{subsection.1.2.3}{Wykorzystane biblioteki, narzedzia i zasoby}{section.1.2}% 6
\BOOKMARK [0][-]{chapter.2}{Implementacja algorytm\363w \205 detekcja twarzy}{}% 7
\BOOKMARK [1][-]{section.2.1}{Kaskady Haara}{chapter.2}% 8
\BOOKMARK [1][-]{section.2.2}{Inne sposoby rozwiazania problemu}{chapter.2}% 9
\BOOKMARK [0][-]{chapter.3}{Implementacja algorytm\363w \205 ekstrakcja cech}{}% 10
\BOOKMARK [1][-]{section.3.1}{Principle Components Analysis}{chapter.3}% 11
\BOOKMARK [2][-]{subsection.3.1.1}{Wstep matematyczny}{section.3.1}% 12
\BOOKMARK [2][-]{subsection.3.1.2}{Realizacja algorytmu}{section.3.1}% 13
\BOOKMARK [2][-]{subsection.3.1.3}{Interpretacja}{section.3.1}% 14
\BOOKMARK [2][-]{subsection.3.1.4}{PCA jako samodzielny system rozpoznawania twarzy}{section.3.1}% 15
\BOOKMARK [1][-]{section.3.2}{Inne podejscia do problemu redukcji wymiarowosci}{chapter.3}% 16
\BOOKMARK [2][-]{subsection.3.2.1}{Nonnegative Matrix Factorization}{section.3.2}% 17
\BOOKMARK [2][-]{subsection.3.2.2}{Independent Components Analysis}{section.3.2}% 18
\BOOKMARK [0][-]{chapter.4}{Zarys oprogoramowania}{}% 19
\BOOKMARK [1][-]{section.4.1}{Protoko\233y komunikacyjne}{chapter.4}% 20
\BOOKMARK [1][-]{section.4.2}{Opis komponent\363w zewnetrznych}{chapter.4}% 21
\BOOKMARK [0][-]{chapter.5}{Zabezpieczenie przed mozliwoscia oszukania systemu}{}% 22
\BOOKMARK [1][-]{section.5.1}{Przyjeta metodyka}{chapter.5}% 23
\BOOKMARK [1][-]{section.5.2}{Podstawy teoretyczne}{chapter.5}% 24
\BOOKMARK [2][-]{subsection.5.2.1}{Kalibracja kamery}{section.5.2}% 25
\BOOKMARK [2][-]{subsection.5.2.2}{Geometria epipolarna}{section.5.2}% 26
\BOOKMARK [2][-]{subsection.5.2.3}{Szacowanie g\233ebokosci}{section.5.2}% 27
\BOOKMARK [1][-]{section.5.3}{Wyniki}{chapter.5}% 28
\BOOKMARK [0][-]{chapter.6}{Zakonczenie}{}% 29
\BOOKMARK [1][-]{section.6.1}{Podsumowanie projektu}{chapter.6}% 30
\BOOKMARK [1][-]{section.6.2}{Mozliwe usprawnienia}{chapter.6}% 31
